[25/Jul/2018 08:00:56] "GET /love HTTP/1.1" 301 0
[25/Jul/2018 08:01:34] "GET /love HTTP/1.1" 301 0
[25/Jul/2018 08:01:35] "GET /love/ HTTP/1.1" 302 0
[25/Jul/2018 08:01:37] "GET /static/love/one/index.html HTTP/1.1" 200 9540
[25/Jul/2018 08:01:37] "GET /static/love/one/story/default.css HTTP/1.1" 200 754
[25/Jul/2018 08:01:37] "GET /static/love/one/story/jscex.js HTTP/1.1" 200 879
[25/Jul/2018 08:01:37] "GET /static/love/one/story/jscex-builderbase.js HTTP/1.1" 200 2047
[25/Jul/2018 08:01:37] "GET /static/love/one/index.html HTTP/1.1" 200 9540
[25/Jul/2018 08:01:37] "GET /static/love/one/story/jscex-jit.js HTTP/1.1" 200 50236
[25/Jul/2018 08:01:37] "GET /static/love/one/story/jscex-parser.js HTTP/1.1" 200 53142
[25/Jul/2018 08:01:37] "GET /static/love/one/story/jscex-async-powerpack.js HTTP/1.1" 200 3749
[25/Jul/2018 08:01:38] "GET /static/love/one/story/functions.js HTTP/1.1" 200 1627
[25/Jul/2018 08:01:38] "GET /static/love/one/story/jscex-async.js HTTP/1.1" 200 4020
[25/Jul/2018 08:01:38] "GET /static/love/one/story/jquery.js HTTP/1.1" 200 93636
[25/Jul/2018 08:01:38] "GET /static/love/one/story/love.min.js HTTP/1.1" 200 16553
[25/Jul/2018 08:01:54] "GET /static/love/one/music/iloveu.mp3 HTTP/1.1" 200 4450157
[25/Jul/2018 08:02:12] "GET /static/love/one/music/iloveu.mp3 HTTP/1.1" 200 3342336
[25/Jul/2018 08:02:34] "GET /love HTTP/1.1" 301 0
[25/Jul/2018 08:02:38] "GET /static/love/one/index.html HTTP/1.1" 200 9540
[25/Jul/2018 08:02:48] "GET /static/love/one/story/jquery.js HTTP/1.1" 200 93636
[25/Jul/2018 08:03:21] "GET /static/love/one/story/jscex.js HTTP/1.1" 200 879
[25/Jul/2018 08:03:31] "GET /love?nsukey=Yl4nnJFeE2BIp6CWWlNJx0em05yQHvMnKZE3TXxGZ6YfGFtWC1ztR0FXx9bYF3VYLkTBFmYZT8xa1M1tJDQKceaCBxe42FKEUXPcIw2BTOIS6ndj9DK2BmgNbY8HNPiORtxgUC9BWLBFMAI5641OGmYPYCMbKGAlM4bCPnBmkxE9wvO92znTnQ2BBQLKNEHFbuqbqrP6XMG2w8bNNwnkw61UwAw3D3D HTTP/1.1" 301 0
[25/Jul/2018 08:03:31] "GET /static/love/one/story/jscex-parser.js HTTP/1.1" 200 53142
[25/Jul/2018 08:03:31] "GET /love/?nsukey=Yl4nnJFeE2BIp6CWWlNJx0em05yQHvMnKZE3TXxGZ6YfGFtWC1ztR0FXx9bYF3VYLkTBFmYZT8xa1M1tJDQKceaCBxe42FKEUXPcIw2BTOIS6ndj9DK2BmgNbY8HNPiORtxgUC9BWLBFMAI5641OGmYPYCMbKGAlM4bCPnBmkxE9wvO92znTnQ2BBQLKNEHFbuqbqrP6XMG2w8bNNwnkw61UwAw3D3D HTTP/1.1" 302 0
[25/Jul/2018 08:03:32] "GET /static/love/one/index.html HTTP/1.1" 200 9540
[25/Jul/2018 08:03:32] "GET /static/love/one/story/default.css HTTP/1.1" 200 754
[25/Jul/2018 08:03:32] "GET /static/love/one/story/jscex.js HTTP/1.1" 200 879
[25/Jul/2018 08:03:32] "GET /static/love/one/story/jscex-builderbase.js HTTP/1.1" 200 2047
[25/Jul/2018 08:03:33] "GET /static/love/one/story/jscex-jit.js HTTP/1.1" 200 50236
[25/Jul/2018 08:03:33] "GET /static/love/one/story/jscex-async.js HTTP/1.1" 200 4020
[25/Jul/2018 08:03:33] "GET /static/love/one/story/jscex-async-powerpack.js HTTP/1.1" 200 3749
[25/Jul/2018 08:03:33] "GET /static/love/one/story/functions.js HTTP/1.1" 200 1627
[25/Jul/2018 08:03:33] "GET /static/love/one/story/jscex-parser.js HTTP/1.1" 200 53142
[25/Jul/2018 08:03:33] "GET /static/love/one/story/jquery.js HTTP/1.1" 200 93636
[25/Jul/2018 08:03:33] "GET /static/love/one/story/love.min.js HTTP/1.1" 200 16553
[25/Jul/2018 08:03:34] "GET /static/love/one/story/default.css HTTP/1.1" 200 754
[25/Jul/2018 08:03:49] "GET /love?nsukey=KrPq51J2BEnUEzxFk0tNKT204OJ7KSSUi9RPVrfR3V2F2F2q742nDv2F6mt9QqO2BIp6asSZR2Byi4ZenH7tvVwDe1GVJve9Yyihj7V2sQGskA1Oxc2Bt36GViDUM8Ma8tutmiDYf1OZ8arAEddNwdP1DUp6gZ52F2RkS2FJVaVdozV2FDyLS1NEqMgYLkCtdYBmYMZ65Yk5cD5yiBldCTJtBX7auXPg3D3D HTTP/1.1" 301 0
Not Found: /
[25/Jul/2018 08:03:49] "GET / HTTP/1.1" 404 2036
Not Found: /
[25/Jul/2018 08:03:49] "GET / HTTP/1.1" 404 2036
[25/Jul/2018 08:03:49] "GET /love/?nsukey=KrPq51J2BEnUEzxFk0tNKT204OJ7KSSUi9RPVrfR3V2F2F2q742nDv2F6mt9QqO2BIp6asSZR2Byi4ZenH7tvVwDe1GVJve9Yyihj7V2sQGskA1Oxc2Bt36GViDUM8Ma8tutmiDYf1OZ8arAEddNwdP1DUp6gZ52F2RkS2FJVaVdozV2FDyLS1NEqMgYLkCtdYBmYMZ65Yk5cD5yiBldCTJtBX7auXPg3D3D HTTP/1.1" 302 0
[25/Jul/2018 08:03:50] "GET /static/love/one/index.html HTTP/1.1" 200 9540
[25/Jul/2018 08:03:50] "GET /static/love/one/story/jscex-jit.js HTTP/1.1" 200 50236
[25/Jul/2018 08:03:54] "GET /love?nsukey=kPJGefnDv4l5k7EQGwIWlnrfOnbWqv9UmM3i2JnNi0AvAFNweLcV2tCv6q%2BHg033nHWNZ4z%2Bje6Nhfr1UhUMviBsFjJ5iymixnKjOBgX4VHbndklYvRFB7WcOXOgoApkL4MAIwPThk63EYZLAhf9AWmbN9gZZZMtY5HhTU3IsIGoQN1TeHjfxYqZjX2PWuYcS7mrmbV41OnBfzF0%2FOobyQ%3D%3D HTTP/1.1" 301 0
[25/Jul/2018 08:03:55] "GET /love/?nsukey=kPJGefnDv4l5k7EQGwIWlnrfOnbWqv9UmM3i2JnNi0AvAFNweLcV2tCv6q%2BHg033nHWNZ4z%2Bje6Nhfr1UhUMviBsFjJ5iymixnKjOBgX4VHbndklYvRFB7WcOXOgoApkL4MAIwPThk63EYZLAhf9AWmbN9gZZZMtY5HhTU3IsIGoQN1TeHjfxYqZjX2PWuYcS7mrmbV41OnBfzF0%2FOobyQ%3D%3D HTTP/1.1" 302 0
[25/Jul/2018 08:03:58] "GET /static/love/one/index.html?nsukey=rnxPu0Y8VNPFxQp3l61BE%2BXs%2BFkbKQKD009fs0MRD6myjReraVBCHtr3bHxnjkOPdgTwQiLg4hLC2yUaGophYIa9tMeZ4ho0f%2B6d%2BDT6ozN0mYNWY0SAoLrnJiUkxtSSkQvQdw2Y10t8b%2F%2Baq%2FhxxapQo8WoDQz%2FcgsMr0u9PM0z0jQqgEKAPJPIaqGWZdsbfjVXZHHBq5gvyA7b6UwKPA%3D%3D HTTP/1.1" 200 9540
[25/Jul/2018 08:03:58] "GET /static/love/one/story/jscex.js HTTP/1.1" 200 879
[25/Jul/2018 08:03:58] "GET /static/love/one/story/default.css HTTP/1.1" 200 754
[25/Jul/2018 08:03:59] "GET /static/love/one/story/jscex-async.js HTTP/1.1" 200 4020
[25/Jul/2018 08:03:59] "GET /static/love/one/story/jquery.js HTTP/1.1" 200 93636
[25/Jul/2018 08:03:59] "GET /static/love/one/story/jscex-jit.js HTTP/1.1" 200 50236
[25/Jul/2018 08:03:59] "GET /static/love/one/story/functions.js HTTP/1.1" 200 1627
[25/Jul/2018 08:03:59] "GET /static/love/one/story/jscex-async-powerpack.js HTTP/1.1" 200 3749
[25/Jul/2018 08:04:00] "GET /static/love/one/story/jscex-parser.js HTTP/1.1" 200 53142
[25/Jul/2018 08:04:00] "GET /static/love/one/story/jscex-builderbase.js HTTP/1.1" 200 2047
[25/Jul/2018 08:04:00] "GET /static/love/one/story/love.min.js HTTP/1.1" 200 16553
[25/Jul/2018 08:04:10] "GET /static/love/one/story/jscex-builderbase.js HTTP/1.1" 200 2047
[25/Jul/2018 08:04:20] "GET /static/love/one/story/jscex-async.js HTTP/1.1" 200 4020
[25/Jul/2018 08:04:31] "GET /love?nsukey=Yl4nnJFeE%2BIp6CWWlNJx0em05yQHvMnKZE3TXxGZ6YfGFtWC1ztR0FXx9bYF3VYLkTBFmYZT8xa1M1tJDQKceaCBxe4%2FKEUXPcIw%2BTOIS6ndj9DK%2BmgNbY8HNPiORtxgUC9BWLBFMAI5641OGmYPYCMbKGAlM4bCPnBmkxE9wvO92znTnQ%2BBQLKNEHFbuqbqrP6XMG2w8bNNwnkw61UwAw%3D%3D HTTP/1.1" 301 0
[25/Jul/2018 08:04:32] "GET /static/love/one/story/jscex-async-powerpack.js HTTP/1.1" 200 3749
[25/Jul/2018 08:04:34] "GET /love?nsukey=89SeLVAAAPloCfjc6hijRVeCVtM0VHonUuzGef%2FUjsZaps3GnG03hLrxdt9GeBaF05ZWnch82tTbZDd7vDPymaTezRT9lRnsLLNvhXzf8blyxI9oGWqCbPYxHM5AKPFVyovov7Y22sNAK%2FTD7PqgTyBNaWAuuCZ%2BLJ5mpsRBxF0uMTEi%2BMt7EDJSCZRgzE8WO3P%2BzzgtwAtyNXIRXXtXoQ%3D%3D HTTP/1.1" 301 0
[25/Jul/2018 08:04:35] "GET /love/?nsukey=89SeLVAAAPloCfjc6hijRVeCVtM0VHonUuzGef%2FUjsZaps3GnG03hLrxdt9GeBaF05ZWnch82tTbZDd7vDPymaTezRT9lRnsLLNvhXzf8blyxI9oGWqCbPYxHM5AKPFVyovov7Y22sNAK%2FTD7PqgTyBNaWAuuCZ%2BLJ5mpsRBxF0uMTEi%2BMt7EDJSCZRgzE8WO3P%2BzzgtwAtyNXIRXXtXoQ%3D%3D HTTP/1.1" 302 0
[25/Jul/2018 08:04:38] "GET /static/love/one/index.html?nsukey=3B2%2FGTM%2BgpIA0xfpcJbrzKuOBU4aiq0mbSul1Jpv68SGTtvfxxv9j7d1D02vy3sMWN1ctKjr0f%2FXQJ2C6AgJqAEBceGgtcScmR9mahD34h7DRaTQVg6NkUxwGEjKtihf5Nrt86hi6FMTdRQapHtv%2Ba0BBRA5lYGALqs6gzb70HroBkod2%2F%2B2FdZlA%2BlDlVafUgUdCOdL%2B8EyvNXe%2B2aLGA%3D%3D HTTP/1.1" 200 9540
[25/Jul/2018 08:04:38] "GET /static/love/one/story/jquery.js HTTP/1.1" 304 0
[25/Jul/2018 08:04:38] "GET /static/love/one/story/jscex-parser.js HTTP/1.1" 304 0
[25/Jul/2018 08:04:38] "GET /static/love/one/story/default.css HTTP/1.1" 304 0
[25/Jul/2018 08:04:38] "GET /static/love/one/story/jscex-jit.js HTTP/1.1" 304 0
[25/Jul/2018 08:04:39] "GET /static/love/one/story/jscex.js HTTP/1.1" 304 0
[25/Jul/2018 08:04:39] "GET /static/love/one/story/jscex-async.js HTTP/1.1" 304 0
[25/Jul/2018 08:04:39] "GET /static/love/one/story/functions.js HTTP/1.1" 304 0
[25/Jul/2018 08:04:39] "GET /static/love/one/story/love.min.js HTTP/1.1" 304 0
Not Found: /
[25/Jul/2018 08:04:39] "GET / HTTP/1.1" 404 2039
[25/Jul/2018 08:04:39] "GET /static/love/one/story/jscex-builderbase.js HTTP/1.1" 304 0
[25/Jul/2018 08:04:39] "GET /static/love/one/story/jscex-async-powerpack.js HTTP/1.1" 304 0
[25/Jul/2018 08:04:43] "GET /static/love/one/story/functions.js HTTP/1.1" 200 1627
[25/Jul/2018 08:04:50] "GET /love?nsukey=KrPq51J%2BEnUEzxFk0tNKT204OJ7KSSUi9RPVrfR3V%2F%2F2q742nDv%2F6mt9QqO%2BIp6asSZR%2Byi4ZenH7tvVwDe1GVJve9Yyihj7V2sQGskA1Oxc%2Bt36GViDUM8Ma8tutmiDYf1OZ8arAEddNwdP1DUp6gZ5%2F2RkS%2FJVaVdozV%2FDyLS1NEqMgYLkCtdYBmYMZ65Yk5cD5yiBldCTJtBX7auXPg%3D%3D HTTP/1.1" 301 0
[25/Jul/2018 08:04:54] "GET /love?nsukey=kPJGefnDv4l5k7EQGwIWlnrfOnbWqv9UmM3i2JnNi0AvAFNweLcV2tCv6q%2BHg033nHWNZ4z%2Bje6Nhfr1UhUMviBsFjJ5iymixnKjOBgX4VHbndklYvRFB7WcOXOgoApkL4MAIwPThk63EYZLAhf9AWmbN9gZZZMtY5HhTU3IsIGoQN1TeHjfxYqZjX2PWuYcS7mrmbV41OnBfzF0%2FOobyQ%3D%3D HTTP/1.1" 301 0
[25/Jul/2018 08:04:55] "GET /love/?nsukey=kPJGefnDv4l5k7EQGwIWlnrfOnbWqv9UmM3i2JnNi0AvAFNweLcV2tCv6q%2BHg033nHWNZ4z%2Bje6Nhfr1UhUMviBsFjJ5iymixnKjOBgX4VHbndklYvRFB7WcOXOgoApkL4MAIwPThk63EYZLAhf9AWmbN9gZZZMtY5HhTU3IsIGoQN1TeHjfxYqZjX2PWuYcS7mrmbV41OnBfzF0%2FOobyQ%3D%3D HTTP/1.1" 302 0
[25/Jul/2018 08:04:56] "GET /love HTTP/1.1" 301 0
[25/Jul/2018 08:04:56] "GET /love/ HTTP/1.1" 302 0
[25/Jul/2018 08:04:57] "GET /static/love/one/index.html HTTP/1.1" 200 9540
[25/Jul/2018 08:04:57] "GET /static/love/one/story/love.min.js HTTP/1.1" 200 16553
[25/Jul/2018 08:04:58] "GET /static/love/one/story/default.css HTTP/1.1" 200 754
[25/Jul/2018 08:04:58] "GET /static/love/one/story/jscex.js HTTP/1.1" 200 879
[25/Jul/2018 08:04:58] "GET /static/love/one/story/jscex-parser.js HTTP/1.1" 200 53142
[25/Jul/2018 08:04:58] "GET /static/love/one/story/jscex-async.js HTTP/1.1" 200 4020
[25/Jul/2018 08:04:58] "GET /static/love/one/story/jscex-async-powerpack.js HTTP/1.1" 200 3749
[25/Jul/2018 08:04:58] "GET /static/love/one/story/jquery.js HTTP/1.1" 200 93636
[25/Jul/2018 08:04:59] "GET /static/love/one/index.html HTTP/1.1" 200 9540
[25/Jul/2018 08:04:59] "GET /static/love/one/story/functions.js HTTP/1.1" 200 1627
[25/Jul/2018 08:04:59] "GET /static/love/one/story/jscex-builderbase.js HTTP/1.1" 200 2047
[25/Jul/2018 08:04:59] "GET /static/love/one/story/jscex-jit.js HTTP/1.1" 200 50236
[25/Jul/2018 08:04:59] "GET /static/love/one/story/love.min.js HTTP/1.1" 200 16553
[25/Jul/2018 08:05:03] "GET /static/love/one/story/jquery.js HTTP/1.1" 200 93636
[25/Jul/2018 08:05:03] "GET /static/love/one/index.html?nsukey=rnxPu0Y8VNPFxQp3l61BE%2BXs%2BFkbKQKD009fs0MRD6myjReraVBCHtr3bHxnjkOPdgTwQiLg4hLC2yUaGophYIa9tMeZ4ho0f%2B6d%2BDT6ozN0mYNWY0SAoLrnJiUkxtSSkQvQdw2Y10t8b%2F%2Baq%2FhxxapQo8WoDQz%2FcgsMr0u9PM0z0jQqgEKAPJPIaqGWZdsbfjVXZHHBq5gvyA7b6UwKPA%3D%3D HTTP/1.1" 200 9540
[25/Jul/2018 08:05:15] "GET /static/love/one/story/jscex.js HTTP/1.1" 200 879
[25/Jul/2018 08:05:15] "GET /static/love/one/story/jquery.js HTTP/1.1" 200 93636
[25/Jul/2018 08:05:18] "GET /static/love/one/story/jscex-parser.js HTTP/1.1" 200 53142
[25/Jul/2018 08:05:21] "GET /static/love/one/story/jscex-jit.js HTTP/1.1" 200 50236
[25/Jul/2018 08:05:25] "GET /static/love/one/story/jscex-builderbase.js HTTP/1.1" 200 2047
[25/Jul/2018 08:05:29] "GET /static/love/one/story/jscex-async.js HTTP/1.1" 200 4020
[25/Jul/2018 08:05:35] "GET /static/love/one/story/jscex-async-powerpack.js HTTP/1.1" 200 3749
[25/Jul/2018 08:05:36] "GET /love?nsukey=89SeLVAAAPloCfjc6hijRVeCVtM0VHonUuzGef%2FUjsZaps3GnG03hLrxdt9GeBaF05ZWnch82tTbZDd7vDPymaTezRT9lRnsLLNvhXzf8blyxI9oGWqCbPYxHM5AKPFVyovov7Y22sNAK%2FTD7PqgTyBNaWAuuCZ%2BLJ5mpsRBxF0uMTEi%2BMt7EDJSCZRgzE8WO3P%2BzzgtwAtyNXIRXXtXoQ%3D%3D HTTP/1.1" 301 0
[25/Jul/2018 08:05:36] "GET /love/?nsukey=89SeLVAAAPloCfjc6hijRVeCVtM0VHonUuzGef%2FUjsZaps3GnG03hLrxdt9GeBaF05ZWnch82tTbZDd7vDPymaTezRT9lRnsLLNvhXzf8blyxI9oGWqCbPYxHM5AKPFVyovov7Y22sNAK%2FTD7PqgTyBNaWAuuCZ%2BLJ5mpsRBxF0uMTEi%2BMt7EDJSCZRgzE8WO3P%2BzzgtwAtyNXIRXXtXoQ%3D%3D HTTP/1.1" 302 0
[25/Jul/2018 08:05:40] "GET /static/love/one/story/functions.js HTTP/1.1" 200 1627
[25/Jul/2018 08:05:42] "GET /static/love/one/index.html?nsukey=3B2%2FGTM%2BgpIA0xfpcJbrzKuOBU4aiq0mbSul1Jpv68SGTtvfxxv9j7d1D02vy3sMWN1ctKjr0f%2FXQJ2C6AgJqAEBceGgtcScmR9mahD34h7DRaTQVg6NkUxwGEjKtihf5Nrt86hi6FMTdRQapHtv%2Ba0BBRA5lYGALqs6gzb70HroBkod2%2F%2B2FdZlA%2BlDlVafUgUdCOdL%2B8EyvNXe%2B2aLGA%3D%3D HTTP/1.1" 200 9540
[25/Jul/2018 08:05:45] "GET /static/love/one/story/love.min.js HTTP/1.1" 200 16553
[25/Jul/2018 08:05:51] "GET /static/love/one/story/jquery.js HTTP/1.1" 200 93636
[25/Jul/2018 08:05:58] "GET /static/love/one/story/jscex.js HTTP/1.1" 200 879
[25/Jul/2018 08:06:12] "GET /static/love/one/story/jscex-parser.js HTTP/1.1" 200 53142
[25/Jul/2018 08:06:13] "GET /static/love/one/story/jscex.js HTTP/1.1" 200 879
[25/Jul/2018 08:06:22] "GET /static/love/one/story/jscex-parser.js HTTP/1.1" 200 53142
[25/Jul/2018 08:06:36] "GET /static/love/one/story/jscex-jit.js HTTP/1.1" 200 50236
[25/Jul/2018 08:06:38] "GET /static/love/one/story/jscex-jit.js HTTP/1.1" 200 50236
[25/Jul/2018 08:06:50] "GET /static/love/one/story/jscex-builderbase.js HTTP/1.1" 200 2047
[25/Jul/2018 08:06:55] "GET /static/love/one/story/jscex-async.js HTTP/1.1" 200 4020
[25/Jul/2018 08:06:58] "GET /static/love/one/story/jscex-builderbase.js HTTP/1.1" 200 2047
Not Found: /
[25/Jul/2018 08:07:00] "GET / HTTP/1.1" 404 2036
[25/Jul/2018 08:07:01] "GET /static/love/one/story/jscex-async-powerpack.js HTTP/1.1" 200 3749
[25/Jul/2018 08:07:06] "GET /static/love/one/story/jscex-async.js HTTP/1.1" 200 4020
[25/Jul/2018 08:07:09] "GET /static/love/one/story/functions.js HTTP/1.1" 200 1627
[25/Jul/2018 08:07:13] "GET /static/love/one/story/jscex-async-powerpack.js HTTP/1.1" 200 3749
[25/Jul/2018 08:07:17] "GET /static/love/one/story/love.min.js HTTP/1.1" 200 16553
[25/Jul/2018 08:07:22] "GET /static/love/one/story/functions.js HTTP/1.1" 200 1627
[25/Jul/2018 08:07:31] "GET /static/love/one/story/love.min.js HTTP/1.1" 200 16553
Not Found: /
[25/Jul/2018 08:08:45] "GET / HTTP/1.1" 404 2039
Not Found: /love/two
[25/Jul/2018 08:13:42] "GET /love/two HTTP/1.1" 404 2280
Not Found: /love/two
[25/Jul/2018 08:14:33] "GET /love/two HTTP/1.1" 404 2280
Not Found: /apple-touch-icon-120x120-precomposed.png
[25/Jul/2018 08:14:33] "GET /apple-touch-icon-120x120-precomposed.png HTTP/1.1" 404 2174
Not Found: /apple-touch-icon-120x120.png
[25/Jul/2018 08:14:34] "GET /apple-touch-icon-120x120.png HTTP/1.1" 404 2138
Not Found: /apple-touch-icon-precomposed.png
[25/Jul/2018 08:14:34] "GET /apple-touch-icon-precomposed.png HTTP/1.1" 404 2150
Not Found: /apple-touch-icon.png
[25/Jul/2018 08:14:37] "GET /apple-touch-icon.png HTTP/1.1" 404 2114
Not Found: /favicon.ico
[25/Jul/2018 08:14:37] "GET /favicon.ico HTTP/1.1" 404 2087
Not Found: /apple-touch-icon-120x120-precomposed.png
[25/Jul/2018 08:14:38] "GET /apple-touch-icon-120x120-precomposed.png HTTP/1.1" 404 2174
Not Found: /apple-touch-icon-120x120.png
[25/Jul/2018 08:14:39] "GET /apple-touch-icon-120x120.png HTTP/1.1" 404 2138
Not Found: /apple-touch-icon-precomposed.png
[25/Jul/2018 08:14:39] "GET /apple-touch-icon-precomposed.png HTTP/1.1" 404 2150
Not Found: /love/two
[25/Jul/2018 08:14:40] "GET /love/two HTTP/1.1" 404 2280
Not Found: /apple-touch-icon-120x120-precomposed.png
[25/Jul/2018 08:14:40] "GET /apple-touch-icon-120x120-precomposed.png HTTP/1.1" 404 2174
Not Found: /apple-touch-icon-120x120.png
[25/Jul/2018 08:14:41] "GET /apple-touch-icon-120x120.png HTTP/1.1" 404 2138
Not Found: /apple-touch-icon-precomposed.png
[25/Jul/2018 08:14:41] "GET /apple-touch-icon-precomposed.png HTTP/1.1" 404 2150
Not Found: /apple-touch-icon.png
[25/Jul/2018 08:14:42] "GET /apple-touch-icon.png HTTP/1.1" 404 2114
Not Found: /apple-touch-icon.png
[25/Jul/2018 08:14:42] "GET /apple-touch-icon.png HTTP/1.1" 404 2114
Not Found: /favicon.ico
[25/Jul/2018 08:14:42] "GET /favicon.ico HTTP/1.1" 404 2087
Not Found: /favicon.ico
[25/Jul/2018 08:14:42] "GET /favicon.ico HTTP/1.1" 404 2087
Not Found: /apple-touch-icon-120x120-precomposed.png
[25/Jul/2018 08:14:43] "GET /apple-touch-icon-120x120-precomposed.png HTTP/1.1" 404 2174
Not Found: /apple-touch-icon-120x120.png
[25/Jul/2018 08:14:44] "GET /apple-touch-icon-120x120.png HTTP/1.1" 404 2138
Not Found: /apple-touch-icon-precomposed.png
[25/Jul/2018 08:14:44] "GET /apple-touch-icon-precomposed.png HTTP/1.1" 404 2150
Not Found: /apple-touch-icon.png
[25/Jul/2018 08:14:44] "GET /apple-touch-icon.png HTTP/1.1" 404 2114
Not Found: /favicon.ico
[25/Jul/2018 08:14:45] "GET /favicon.ico HTTP/1.1" 404 2087
Performing system checks...

System check identified no issues (0 silenced).
July 25, 2018 - 08:00:31
Django version 2.0.7, using settings 'statistic_reports.settings'
Starting development server at http://0.0.0.0:80/
Quit the server with CONTROL-C.
[25/Jul/2018 08:16:56] "GET /love/two HTTP/1.1" 302 0
[25/Jul/2018 08:16:56] "GET /static/love/two/index.html HTTP/1.1" 200 6005
[25/Jul/2018 08:16:57] "GET /static/love/two/api3rd.js HTTP/1.1" 200 39422
[25/Jul/2018 08:16:57] "GET /static/love/two/main.css HTTP/1.1" 200 23526
[25/Jul/2018 08:16:57] "GET /static/love/two/main.js HTTP/1.1" 200 64581
[25/Jul/2018 08:16:57] "GET /static/love/two/wx.jpg HTTP/1.1" 200 48051
[25/Jul/2018 08:16:58] "GET /static/love/two/common.js HTTP/1.1" 200 34164
